{"/home/abc/Desktop/Shreyansh_data/ReactJs_Crud_Practices/redux-toolkit-react-jest/src/test-utils.jsx": {"path":"/home/abc/Desktop/Shreyansh_data/ReactJs_Crud_Practices/redux-toolkit-react-jest/src/test-utils.jsx","statementMap":{"0":{"start":{"line":8,"column":21},"end":{"line":9,"column":52}},"1":{"start":{"line":9,"column":2},"end":{"line":9,"column":52}}},"fnMap":{"0":{"name":"(anonymous_0)","decl":{"start":{"line":8,"column":21},"end":{"line":8,"column":22}},"loc":{"start":{"line":9,"column":2},"end":{"line":9,"column":52}},"line":9}},"branchMap":{},"s":{"0":4,"1":13},"f":{"0":13},"b":{},"_coverageSchema":"1a1c01bbd47fc00a2c39e90264f33305004495a9","hash":"e24cb85266c8674c4e666960b13efd6d018b67a1"}
,"/home/abc/Desktop/Shreyansh_data/ReactJs_Crud_Practices/redux-toolkit-react-jest/src/components/Login/Login.js": {"path":"/home/abc/Desktop/Shreyansh_data/ReactJs_Crud_Practices/redux-toolkit-react-jest/src/components/Login/Login.js","statementMap":{"0":{"start":{"line":6,"column":12},"end":{"line":122,"column":9}},"1":{"start":{"line":8,"column":20},"end":{"line":8,"column":25}},"2":{"start":{"line":9,"column":28},"end":{"line":12,"column":6}},"3":{"start":{"line":14,"column":34},"end":{"line":14,"column":46}},"4":{"start":{"line":15,"column":32},"end":{"line":15,"column":44}},"5":{"start":{"line":16,"column":28},"end":{"line":16,"column":42}},"6":{"start":{"line":18,"column":22},"end":{"line":18,"column":36}},"7":{"start":{"line":19,"column":24},"end":{"line":19,"column":44}},"8":{"start":{"line":22,"column":21},"end":{"line":36,"column":5}},"9":{"start":{"line":23,"column":15},"end":{"line":23,"column":32}},"10":{"start":{"line":24,"column":16},"end":{"line":24,"column":34}},"11":{"start":{"line":25,"column":4},"end":{"line":29,"column":5}},"12":{"start":{"line":26,"column":4},"end":{"line":28,"column":5}},"13":{"start":{"line":27,"column":4},"end":{"line":27,"column":20}},"14":{"start":{"line":30,"column":4},"end":{"line":35,"column":7}},"15":{"start":{"line":31,"column":4},"end":{"line":34,"column":5}},"16":{"start":{"line":38,"column":21},"end":{"line":38,"column":34}},"17":{"start":{"line":40,"column":25},"end":{"line":42,"column":5}},"18":{"start":{"line":41,"column":8},"end":{"line":41,"column":42}},"19":{"start":{"line":44,"column":22},"end":{"line":44,"column":61}},"20":{"start":{"line":46,"column":21},"end":{"line":55,"column":190}},"21":{"start":{"line":47,"column":4},"end":{"line":47,"column":23}},"22":{"start":{"line":48,"column":4},"end":{"line":48,"column":24}},"23":{"start":{"line":49,"column":4},"end":{"line":49,"column":23}},"24":{"start":{"line":52,"column":4},"end":{"line":52,"column":36}},"25":{"start":{"line":53,"column":4},"end":{"line":53,"column":39}},"26":{"start":{"line":55,"column":4},"end":{"line":55,"column":50}},"27":{"start":{"line":55,"column":31},"end":{"line":55,"column":48}},"28":{"start":{"line":55,"column":51},"end":{"line":55,"column":188}},"29":{"start":{"line":55,"column":74},"end":{"line":55,"column":93}},"30":{"start":{"line":55,"column":101},"end":{"line":55,"column":188}},"31":{"start":{"line":55,"column":127},"end":{"line":55,"column":145}},"32":{"start":{"line":55,"column":154},"end":{"line":55,"column":186}},"33":{"start":{"line":55,"column":202},"end":{"line":63,"column":5}},"34":{"start":{"line":56,"column":8},"end":{"line":62,"column":9}},"35":{"start":{"line":57,"column":8},"end":{"line":57,"column":24}},"36":{"start":{"line":58,"column":8},"end":{"line":58,"column":22}},"37":{"start":{"line":60,"column":8},"end":{"line":60,"column":28}},"38":{"start":{"line":61,"column":8},"end":{"line":61,"column":21}},"39":{"start":{"line":66,"column":8},"end":{"line":121,"column":10}},"40":{"start":{"line":88,"column":176},"end":{"line":88,"column":204}},"41":{"start":{"line":92,"column":177},"end":{"line":92,"column":204}}},"fnMap":{"0":{"name":"(anonymous_0)","decl":{"start":{"line":6,"column":12},"end":{"line":6,"column":13}},"loc":{"start":{"line":6,"column":16},"end":{"line":122,"column":9}},"line":6},"1":{"name":"(anonymous_1)","decl":{"start":{"line":22,"column":21},"end":{"line":22,"column":22}},"loc":{"start":{"line":22,"column":30},"end":{"line":36,"column":5}},"line":22},"2":{"name":"(anonymous_2)","decl":{"start":{"line":30,"column":14},"end":{"line":30,"column":15}},"loc":{"start":{"line":30,"column":27},"end":{"line":35,"column":5}},"line":30},"3":{"name":"(anonymous_3)","decl":{"start":{"line":40,"column":25},"end":{"line":40,"column":26}},"loc":{"start":{"line":40,"column":31},"end":{"line":42,"column":5}},"line":40},"4":{"name":"(anonymous_4)","decl":{"start":{"line":46,"column":21},"end":{"line":46,"column":22}},"loc":{"start":{"line":46,"column":26},"end":{"line":55,"column":190}},"line":46},"5":{"name":"(anonymous_5)","decl":{"start":{"line":55,"column":202},"end":{"line":55,"column":203}},"loc":{"start":{"line":55,"column":206},"end":{"line":63,"column":5}},"line":55},"6":{"name":"(anonymous_6)","decl":{"start":{"line":88,"column":170},"end":{"line":88,"column":171}},"loc":{"start":{"line":88,"column":175},"end":{"line":88,"column":205}},"line":88},"7":{"name":"(anonymous_7)","decl":{"start":{"line":92,"column":172},"end":{"line":92,"column":173}},"loc":{"start":{"line":92,"column":177},"end":{"line":92,"column":204}},"line":92}},"branchMap":{"0":{"loc":{"start":{"line":25,"column":4},"end":{"line":29,"column":5}},"type":"if","locations":[{"start":{"line":25,"column":4},"end":{"line":29,"column":5}},{"start":{},"end":{}}],"line":25},"1":{"loc":{"start":{"line":26,"column":4},"end":{"line":28,"column":5}},"type":"if","locations":[{"start":{"line":26,"column":4},"end":{"line":28,"column":5}},{"start":{},"end":{}}],"line":26},"2":{"loc":{"start":{"line":55,"column":4},"end":{"line":55,"column":50}},"type":"if","locations":[{"start":{"line":55,"column":4},"end":{"line":55,"column":50}},{"start":{},"end":{}}],"line":55},"3":{"loc":{"start":{"line":55,"column":51},"end":{"line":55,"column":188}},"type":"if","locations":[{"start":{"line":55,"column":51},"end":{"line":55,"column":188}},{"start":{"line":55,"column":101},"end":{"line":55,"column":188}}],"line":55},"4":{"loc":{"start":{"line":55,"column":101},"end":{"line":55,"column":188}},"type":"if","locations":[{"start":{"line":55,"column":101},"end":{"line":55,"column":188}},{"start":{"line":55,"column":152},"end":{"line":55,"column":188}}],"line":55},"5":{"loc":{"start":{"line":56,"column":8},"end":{"line":62,"column":9}},"type":"if","locations":[{"start":{"line":56,"column":8},"end":{"line":62,"column":9}},{"start":{"line":59,"column":13},"end":{"line":62,"column":9}}],"line":56},"6":{"loc":{"start":{"line":88,"column":58},"end":{"line":88,"column":84}},"type":"cond-expr","locations":[{"start":{"line":88,"column":70},"end":{"line":88,"column":79}},{"start":{"line":88,"column":82},"end":{"line":88,"column":84}}],"line":88},"7":{"loc":{"start":{"line":89,"column":54},"end":{"line":89,"column":76}},"type":"cond-expr","locations":[{"start":{"line":89,"column":63},"end":{"line":89,"column":71}},{"start":{"line":89,"column":74},"end":{"line":89,"column":76}}],"line":89},"8":{"loc":{"start":{"line":92,"column":58},"end":{"line":92,"column":83}},"type":"cond-expr","locations":[{"start":{"line":92,"column":69},"end":{"line":92,"column":78}},{"start":{"line":92,"column":81},"end":{"line":92,"column":83}}],"line":92},"9":{"loc":{"start":{"line":93,"column":70},"end":{"line":93,"column":101}},"type":"cond-expr","locations":[{"start":{"line":93,"column":76},"end":{"line":93,"column":90}},{"start":{"line":93,"column":93},"end":{"line":93,"column":101}}],"line":93}},"s":{"0":1,"1":3,"2":3,"3":3,"4":3,"5":3,"6":3,"7":3,"8":3,"9":0,"10":0,"11":0,"12":0,"13":0,"14":0,"15":0,"16":3,"17":3,"18":1,"19":3,"20":3,"21":1,"22":1,"23":1,"24":1,"25":1,"26":1,"27":1,"28":1,"29":1,"30":0,"31":0,"32":0,"33":3,"34":0,"35":0,"36":0,"37":0,"38":0,"39":3,"40":0,"41":0},"f":{"0":3,"1":0,"2":0,"3":1,"4":1,"5":0,"6":0,"7":0},"b":{"0":[0,0],"1":[0,0],"2":[1,0],"3":[1,0],"4":[0,0],"5":[0,0],"6":[1,2],"7":[2,1],"8":[0,3],"9":[3,0]},"_coverageSchema":"1a1c01bbd47fc00a2c39e90264f33305004495a9","hash":"08e7b7efdb12b1a5e630e01ea44deb4101376683"}
,"/home/abc/Desktop/Shreyansh_data/ReactJs_Crud_Practices/redux-toolkit-react-jest/src/components/Login/SignUpPAge.js": {"path":"/home/abc/Desktop/Shreyansh_data/ReactJs_Crud_Practices/redux-toolkit-react-jest/src/components/Login/SignUpPAge.js","statementMap":{"0":{"start":{"line":9,"column":17},"end":{"line":141,"column":1}},"1":{"start":{"line":12,"column":26},"end":{"line":12,"column":38}},"2":{"start":{"line":13,"column":24},"end":{"line":13,"column":36}},"3":{"start":{"line":14,"column":32},"end":{"line":14,"column":44}},"4":{"start":{"line":15,"column":49},"end":{"line":15,"column":61}},"5":{"start":{"line":18,"column":22},"end":{"line":18,"column":36}},"6":{"start":{"line":19,"column":35},"end":{"line":19,"column":55}},"7":{"start":{"line":20,"column":30},"end":{"line":20,"column":45}},"8":{"start":{"line":23,"column":42},"end":{"line":23,"column":57}},"9":{"start":{"line":24,"column":40},"end":{"line":24,"column":55}},"10":{"start":{"line":25,"column":48},"end":{"line":25,"column":63}},"11":{"start":{"line":27,"column":17},"end":{"line":27,"column":30}},"12":{"start":{"line":29,"column":21},"end":{"line":31,"column":1}},"13":{"start":{"line":30,"column":4},"end":{"line":30,"column":37}},"14":{"start":{"line":33,"column":18},"end":{"line":35,"column":1}},"15":{"start":{"line":34,"column":4},"end":{"line":34,"column":39}},"16":{"start":{"line":36,"column":17},"end":{"line":38,"column":1}},"17":{"start":{"line":37,"column":4},"end":{"line":37,"column":37}},"18":{"start":{"line":39,"column":21},"end":{"line":41,"column":1}},"19":{"start":{"line":40,"column":4},"end":{"line":40,"column":45}},"20":{"start":{"line":42,"column":29},"end":{"line":44,"column":1}},"21":{"start":{"line":43,"column":4},"end":{"line":43,"column":52}},"22":{"start":{"line":48,"column":10},"end":{"line":59,"column":1}},"23":{"start":{"line":49,"column":4},"end":{"line":58,"column":5}},"24":{"start":{"line":50,"column":8},"end":{"line":50,"column":30}},"25":{"start":{"line":51,"column":8},"end":{"line":51,"column":22}},"26":{"start":{"line":52,"column":8},"end":{"line":52,"column":25}},"27":{"start":{"line":55,"column":8},"end":{"line":55,"column":34}},"28":{"start":{"line":56,"column":8},"end":{"line":56,"column":21}},"29":{"start":{"line":57,"column":8},"end":{"line":57,"column":26}},"30":{"start":{"line":61,"column":14},"end":{"line":90,"column":1}},"31":{"start":{"line":62,"column":4},"end":{"line":62,"column":22}},"32":{"start":{"line":63,"column":4},"end":{"line":63,"column":28}},"33":{"start":{"line":64,"column":4},"end":{"line":64,"column":27}},"34":{"start":{"line":65,"column":4},"end":{"line":65,"column":31}},"35":{"start":{"line":66,"column":23},"end":{"line":70,"column":42}},"36":{"start":{"line":73,"column":4},"end":{"line":73,"column":39}},"37":{"start":{"line":75,"column":4},"end":{"line":75,"column":38}},"38":{"start":{"line":77,"column":4},"end":{"line":88,"column":5}},"39":{"start":{"line":78,"column":8},"end":{"line":78,"column":31}},"40":{"start":{"line":80,"column":9},"end":{"line":88,"column":5}},"41":{"start":{"line":81,"column":8},"end":{"line":81,"column":30}},"42":{"start":{"line":83,"column":9},"end":{"line":88,"column":5}},"43":{"start":{"line":84,"column":8},"end":{"line":84,"column":34}},"44":{"start":{"line":87,"column":4},"end":{"line":87,"column":28}},"45":{"start":{"line":92,"column":4},"end":{"line":140,"column":10}}},"fnMap":{"0":{"name":"(anonymous_0)","decl":{"start":{"line":9,"column":17},"end":{"line":9,"column":18}},"loc":{"start":{"line":9,"column":21},"end":{"line":141,"column":1}},"line":9},"1":{"name":"(anonymous_1)","decl":{"start":{"line":29,"column":21},"end":{"line":29,"column":22}},"loc":{"start":{"line":29,"column":27},"end":{"line":31,"column":1}},"line":29},"2":{"name":"(anonymous_2)","decl":{"start":{"line":33,"column":18},"end":{"line":33,"column":19}},"loc":{"start":{"line":33,"column":33},"end":{"line":35,"column":1}},"line":33},"3":{"name":"(anonymous_3)","decl":{"start":{"line":36,"column":17},"end":{"line":36,"column":18}},"loc":{"start":{"line":36,"column":31},"end":{"line":38,"column":1}},"line":36},"4":{"name":"(anonymous_4)","decl":{"start":{"line":39,"column":21},"end":{"line":39,"column":22}},"loc":{"start":{"line":39,"column":39},"end":{"line":41,"column":1}},"line":39},"5":{"name":"(anonymous_5)","decl":{"start":{"line":42,"column":29},"end":{"line":42,"column":30}},"loc":{"start":{"line":42,"column":47},"end":{"line":44,"column":1}},"line":42},"6":{"name":"(anonymous_6)","decl":{"start":{"line":48,"column":10},"end":{"line":48,"column":11}},"loc":{"start":{"line":48,"column":14},"end":{"line":59,"column":1}},"line":48},"7":{"name":"(anonymous_7)","decl":{"start":{"line":61,"column":14},"end":{"line":61,"column":15}},"loc":{"start":{"line":61,"column":19},"end":{"line":90,"column":1}},"line":61}},"branchMap":{"0":{"loc":{"start":{"line":49,"column":4},"end":{"line":58,"column":5}},"type":"if","locations":[{"start":{"line":49,"column":4},"end":{"line":58,"column":5}},{"start":{"line":54,"column":8},"end":{"line":58,"column":5}}],"line":49},"1":{"loc":{"start":{"line":77,"column":4},"end":{"line":88,"column":5}},"type":"if","locations":[{"start":{"line":77,"column":4},"end":{"line":88,"column":5}},{"start":{"line":80,"column":9},"end":{"line":88,"column":5}}],"line":77},"2":{"loc":{"start":{"line":80,"column":9},"end":{"line":88,"column":5}},"type":"if","locations":[{"start":{"line":80,"column":9},"end":{"line":88,"column":5}},{"start":{"line":83,"column":9},"end":{"line":88,"column":5}}],"line":80},"3":{"loc":{"start":{"line":83,"column":9},"end":{"line":88,"column":5}},"type":"if","locations":[{"start":{"line":83,"column":9},"end":{"line":88,"column":5}},{"start":{"line":86,"column":8},"end":{"line":88,"column":5}}],"line":83},"4":{"loc":{"start":{"line":109,"column":78},"end":{"line":109,"column":113}},"type":"cond-expr","locations":[{"start":{"line":109,"column":93},"end":{"line":109,"column":108}},{"start":{"line":109,"column":111},"end":{"line":109,"column":113}}],"line":109},"5":{"loc":{"start":{"line":114,"column":75},"end":{"line":114,"column":111}},"type":"cond-expr","locations":[{"start":{"line":114,"column":91},"end":{"line":114,"column":106}},{"start":{"line":114,"column":109},"end":{"line":114,"column":111}}],"line":114},"6":{"loc":{"start":{"line":120,"column":83},"end":{"line":120,"column":107}},"type":"cond-expr","locations":[{"start":{"line":120,"column":93},"end":{"line":120,"column":102}},{"start":{"line":120,"column":105},"end":{"line":120,"column":107}}],"line":120},"7":{"loc":{"start":{"line":120,"column":111},"end":{"line":120,"column":150}},"type":"cond-expr","locations":[{"start":{"line":120,"column":130},"end":{"line":120,"column":145}},{"start":{"line":120,"column":148},"end":{"line":120,"column":150}}],"line":120},"8":{"loc":{"start":{"line":123,"column":56},"end":{"line":123,"column":87}},"type":"cond-expr","locations":[{"start":{"line":123,"column":62},"end":{"line":123,"column":76}},{"start":{"line":123,"column":79},"end":{"line":123,"column":87}}],"line":123},"9":{"loc":{"start":{"line":126,"column":91},"end":{"line":126,"column":115}},"type":"cond-expr","locations":[{"start":{"line":126,"column":101},"end":{"line":126,"column":110}},{"start":{"line":126,"column":113},"end":{"line":126,"column":115}}],"line":126},"10":{"loc":{"start":{"line":126,"column":119},"end":{"line":126,"column":158}},"type":"cond-expr","locations":[{"start":{"line":126,"column":138},"end":{"line":126,"column":153}},{"start":{"line":126,"column":156},"end":{"line":126,"column":158}}],"line":126},"11":{"loc":{"start":{"line":129,"column":56},"end":{"line":129,"column":87}},"type":"cond-expr","locations":[{"start":{"line":129,"column":62},"end":{"line":129,"column":76}},{"start":{"line":129,"column":79},"end":{"line":129,"column":87}}],"line":129}},"s":{"0":1,"1":36,"2":36,"3":36,"4":36,"5":36,"6":36,"7":36,"8":36,"9":36,"10":36,"11":36,"12":36,"13":0,"14":36,"15":11,"16":36,"17":9,"18":36,"19":6,"20":36,"21":6,"22":36,"23":0,"24":0,"25":0,"26":0,"27":0,"28":0,"29":0,"30":36,"31":0,"32":0,"33":0,"34":0,"35":0,"36":0,"37":0,"38":0,"39":0,"40":0,"41":0,"42":0,"43":0,"44":0,"45":36},"f":{"0":36,"1":0,"2":11,"3":9,"4":6,"5":6,"6":0,"7":0},"b":{"0":[0,0],"1":[0,0],"2":[0,0],"3":[0,0],"4":[0,36],"5":[0,36],"6":[0,36],"7":[0,36],"8":[36,0],"9":[0,36],"10":[0,36],"11":[36,0]},"_coverageSchema":"1a1c01bbd47fc00a2c39e90264f33305004495a9","hash":"2b66644cad03bca73b28d01800fa4dc38a311923"}
,"/home/abc/Desktop/Shreyansh_data/ReactJs_Crud_Practices/redux-toolkit-react-jest/src/components/WelcomePage/WelcomePage.js": {"path":"/home/abc/Desktop/Shreyansh_data/ReactJs_Crud_Practices/redux-toolkit-react-jest/src/components/WelcomePage/WelcomePage.js","statementMap":{"0":{"start":{"line":11,"column":19},"end":{"line":11,"column":32}},"1":{"start":{"line":12,"column":19},"end":{"line":12,"column":60}},"2":{"start":{"line":12,"column":40},"end":{"line":12,"column":59}},"3":{"start":{"line":13,"column":15},"end":{"line":13,"column":33}},"4":{"start":{"line":15,"column":22},"end":{"line":17,"column":3}},"5":{"start":{"line":16,"column":4},"end":{"line":16,"column":39}},"6":{"start":{"line":18,"column":2},"end":{"line":18,"column":10}},"7":{"start":{"line":19,"column":2},"end":{"line":32,"column":3}}},"fnMap":{"0":{"name":"WelcomePage","decl":{"start":{"line":9,"column":9},"end":{"line":9,"column":20}},"loc":{"start":{"line":9,"column":28},"end":{"line":33,"column":1}},"line":9},"1":{"name":"(anonymous_1)","decl":{"start":{"line":12,"column":31},"end":{"line":12,"column":32}},"loc":{"start":{"line":12,"column":40},"end":{"line":12,"column":59}},"line":12},"2":{"name":"(anonymous_2)","decl":{"start":{"line":15,"column":22},"end":{"line":15,"column":23}},"loc":{"start":{"line":15,"column":28},"end":{"line":17,"column":3}},"line":15}},"branchMap":{},"s":{"0":5,"1":4,"2":4,"3":4,"4":0,"5":0,"6":0,"7":0},"f":{"0":5,"1":4,"2":0},"b":{},"_coverageSchema":"1a1c01bbd47fc00a2c39e90264f33305004495a9","hash":"2c7e7b0597dd67e8bcf8f3797e49dc4e0ea02f37"}
,"/home/abc/Desktop/Shreyansh_data/ReactJs_Crud_Practices/redux-toolkit-react-jest/src/components/count/Counter.js": {"path":"/home/abc/Desktop/Shreyansh_data/ReactJs_Crud_Practices/redux-toolkit-react-jest/src/components/count/Counter.js","statementMap":{"0":{"start":{"line":7,"column":16},"end":{"line":32,"column":1}},"1":{"start":{"line":8,"column":30},"end":{"line":8,"column":41}},"2":{"start":{"line":9,"column":32},"end":{"line":9,"column":43}},"3":{"start":{"line":11,"column":21},"end":{"line":11,"column":34}},"4":{"start":{"line":13,"column":4},"end":{"line":15,"column":9}},"5":{"start":{"line":14,"column":6},"end":{"line":14,"column":36}},"6":{"start":{"line":16,"column":2},"end":{"line":31,"column":3}},"7":{"start":{"line":25,"column":21},"end":{"line":25,"column":56}},"8":{"start":{"line":27,"column":26},"end":{"line":27,"column":48}},"9":{"start":{"line":28,"column":26},"end":{"line":28,"column":43}},"10":{"start":{"line":29,"column":26},"end":{"line":29,"column":43}}},"fnMap":{"0":{"name":"(anonymous_0)","decl":{"start":{"line":7,"column":16},"end":{"line":7,"column":17}},"loc":{"start":{"line":7,"column":22},"end":{"line":32,"column":1}},"line":7},"1":{"name":"(anonymous_1)","decl":{"start":{"line":13,"column":14},"end":{"line":13,"column":15}},"loc":{"start":{"line":13,"column":18},"end":{"line":15,"column":5}},"line":13},"2":{"name":"(anonymous_2)","decl":{"start":{"line":25,"column":16},"end":{"line":25,"column":17}},"loc":{"start":{"line":25,"column":21},"end":{"line":25,"column":56}},"line":25},"3":{"name":"(anonymous_3)","decl":{"start":{"line":27,"column":21},"end":{"line":27,"column":22}},"loc":{"start":{"line":27,"column":25},"end":{"line":27,"column":49}},"line":27},"4":{"name":"(anonymous_4)","decl":{"start":{"line":28,"column":21},"end":{"line":28,"column":22}},"loc":{"start":{"line":28,"column":25},"end":{"line":28,"column":44}},"line":28},"5":{"name":"(anonymous_5)","decl":{"start":{"line":29,"column":21},"end":{"line":29,"column":22}},"loc":{"start":{"line":29,"column":25},"end":{"line":29,"column":44}},"line":29}},"branchMap":{},"s":{"0":4,"1":13,"2":13,"3":13,"4":13,"5":6,"6":13,"7":2,"8":1,"9":3,"10":1},"f":{"0":13,"1":6,"2":2,"3":1,"4":3,"5":1},"b":{},"_coverageSchema":"1a1c01bbd47fc00a2c39e90264f33305004495a9","hash":"7af9f6518d09cf151475369dffe242c074d482da"}
,"/home/abc/Desktop/Shreyansh_data/ReactJs_Crud_Practices/redux-toolkit-react-jest/src/mocks/handlers.ts": {"path":"/home/abc/Desktop/Shreyansh_data/ReactJs_Crud_Practices/redux-toolkit-react-jest/src/mocks/handlers.ts","statementMap":{"0":{"start":{"line":5,"column":13},"end":{"line":5,"column":56}},"1":{"start":{"line":7,"column":24},"end":{"line":19,"column":1}},"2":{"start":{"line":9,"column":21},"end":{"line":9,"column":34}},"3":{"start":{"line":10,"column":22},"end":{"line":10,"column":57}},"4":{"start":{"line":11,"column":4},"end":{"line":11,"column":49}},"5":{"start":{"line":12,"column":8},"end":{"line":17,"column":11}}},"fnMap":{"0":{"name":"(anonymous_0)","decl":{"start":{"line":8,"column":93},"end":{"line":8,"column":94}},"loc":{"start":{"line":8,"column":108},"end":{"line":18,"column":5}},"line":8}},"branchMap":{},"s":{"0":4,"1":4,"2":1,"3":0,"4":0,"5":0},"f":{"0":1},"b":{},"_coverageSchema":"1a1c01bbd47fc00a2c39e90264f33305004495a9","hash":"3b12c6075383bdabe7538a3106c013e73e7fd2c5"}
,"/home/abc/Desktop/Shreyansh_data/ReactJs_Crud_Practices/redux-toolkit-react-jest/src/mocks/server.ts": {"path":"/home/abc/Desktop/Shreyansh_data/ReactJs_Crud_Practices/redux-toolkit-react-jest/src/mocks/server.ts","statementMap":{"0":{"start":{"line":6,"column":22},"end":{"line":6,"column":46}}},"fnMap":{},"branchMap":{},"s":{"0":4},"f":{},"b":{},"_coverageSchema":"1a1c01bbd47fc00a2c39e90264f33305004495a9","hash":"583e68ba0d9ccf23bd0debc0fc58bea47addaba5"}
,"/home/abc/Desktop/Shreyansh_data/ReactJs_Crud_Practices/redux-toolkit-react-jest/src/providers/app-providers.js": {"path":"/home/abc/Desktop/Shreyansh_data/ReactJs_Crud_Practices/redux-toolkit-react-jest/src/providers/app-providers.js","statementMap":{"0":{"start":{"line":7,"column":14},"end":{"line":11,"column":2}},"1":{"start":{"line":13,"column":13},"end":{"line":13,"column":21}},"2":{"start":{"line":17,"column":31},"end":{"line":24,"column":3}},"3":{"start":{"line":18,"column":4},"end":{"line":23,"column":5}}},"fnMap":{"0":{"name":"(anonymous_0)","decl":{"start":{"line":17,"column":31},"end":{"line":17,"column":32}},"loc":{"start":{"line":17,"column":47},"end":{"line":24,"column":3}},"line":17}},"branchMap":{},"s":{"0":4,"1":4,"2":4,"3":14},"f":{"0":14},"b":{},"_coverageSchema":"1a1c01bbd47fc00a2c39e90264f33305004495a9","hash":"c54fbf5e3c7f7836e512a302275897e7cc114fde"}
,"/home/abc/Desktop/Shreyansh_data/ReactJs_Crud_Practices/redux-toolkit-react-jest/src/store/authSlice.js": {"path":"/home/abc/Desktop/Shreyansh_data/ReactJs_Crud_Practices/redux-toolkit-react-jest/src/store/authSlice.js","statementMap":{"0":{"start":{"line":14,"column":28},"end":{"line":27,"column":2}},"1":{"start":{"line":15,"column":17},"end":{"line":20,"column":9}},"2":{"start":{"line":22,"column":17},"end":{"line":22,"column":69}},"3":{"start":{"line":23,"column":4},"end":{"line":23,"column":35}},"4":{"start":{"line":24,"column":4},"end":{"line":24,"column":15}},"5":{"start":{"line":29,"column":27},"end":{"line":39,"column":2}},"6":{"start":{"line":32,"column":17},"end":{"line":32,"column":64}},"7":{"start":{"line":34,"column":17},"end":{"line":34,"column":77}},"8":{"start":{"line":36,"column":4},"end":{"line":36,"column":33}},"9":{"start":{"line":38,"column":4},"end":{"line":38,"column":15}},"10":{"start":{"line":42,"column":18},"end":{"line":84,"column":2}},"11":{"start":{"line":48,"column":30},"end":{"line":48,"column":43}},"12":{"start":{"line":49,"column":12},"end":{"line":49,"column":35}},"13":{"start":{"line":50,"column":12},"end":{"line":50,"column":34}},"14":{"start":{"line":54,"column":12},"end":{"line":54,"column":36}},"15":{"start":{"line":57,"column":31},"end":{"line":57,"column":44}},"16":{"start":{"line":58,"column":12},"end":{"line":58,"column":35}},"17":{"start":{"line":59,"column":12},"end":{"line":59,"column":36}},"18":{"start":{"line":64,"column":12},"end":{"line":64,"column":35}},"19":{"start":{"line":65,"column":12},"end":{"line":65,"column":43}},"20":{"start":{"line":73,"column":12},"end":{"line":73,"column":36}},"21":{"start":{"line":75,"column":12},"end":{"line":75,"column":38}},"22":{"start":{"line":80,"column":12},"end":{"line":80,"column":35}},"23":{"start":{"line":81,"column":12},"end":{"line":81,"column":43}},"24":{"start":{"line":87,"column":27},"end":{"line":87,"column":44}}},"fnMap":{"0":{"name":"(anonymous_0)","decl":{"start":{"line":14,"column":59},"end":{"line":14,"column":60}},"loc":{"start":{"line":14,"column":75},"end":{"line":27,"column":1}},"line":14},"1":{"name":"(anonymous_1)","decl":{"start":{"line":29,"column":57},"end":{"line":29,"column":58}},"loc":{"start":{"line":30,"column":1},"end":{"line":39,"column":1}},"line":30},"2":{"name":"(anonymous_2)","decl":{"start":{"line":47,"column":8},"end":{"line":47,"column":9}},"loc":{"start":{"line":47,"column":28},"end":{"line":52,"column":10}},"line":47},"3":{"name":"(anonymous_3)","decl":{"start":{"line":53,"column":8},"end":{"line":53,"column":9}},"loc":{"start":{"line":53,"column":22},"end":{"line":55,"column":9}},"line":53},"4":{"name":"(anonymous_4)","decl":{"start":{"line":56,"column":8},"end":{"line":56,"column":9}},"loc":{"start":{"line":56,"column":29},"end":{"line":60,"column":9}},"line":56},"5":{"name":"(anonymous_5)","decl":{"start":{"line":63,"column":32},"end":{"line":63,"column":33}},"loc":{"start":{"line":63,"column":48},"end":{"line":71,"column":9}},"line":63},"6":{"name":"(anonymous_6)","decl":{"start":{"line":72,"column":31},"end":{"line":72,"column":32}},"loc":{"start":{"line":72,"column":47},"end":{"line":77,"column":9}},"line":72},"7":{"name":"(anonymous_7)","decl":{"start":{"line":78,"column":33},"end":{"line":78,"column":34}},"loc":{"start":{"line":78,"column":49},"end":{"line":82,"column":9}},"line":78}},"branchMap":{},"s":{"0":4,"1":0,"2":0,"3":0,"4":0,"5":4,"6":1,"7":1,"8":0,"9":0,"10":4,"11":0,"12":0,"13":0,"14":6,"15":0,"16":0,"17":0,"18":0,"19":0,"20":1,"21":1,"22":0,"23":0,"24":4},"f":{"0":0,"1":1,"2":0,"3":6,"4":0,"5":0,"6":1,"7":0},"b":{},"_coverageSchema":"1a1c01bbd47fc00a2c39e90264f33305004495a9","hash":"345a72f972a04370ab876c3f841cd8c885242d4c"}
}
