TN:
SF:src/test-utils.jsx
FN:8,(anonymous_0)
FNF:1
FNH:1
FNDA:13,(anonymous_0)
DA:8,4
DA:9,13
LF:2
LH:2
BRF:0
BRH:0
end_of_record
TN:
SF:src/components/Login/Login.js
FN:6,(anonymous_0)
FN:22,(anonymous_1)
FN:30,(anonymous_2)
FN:40,(anonymous_3)
FN:46,(anonymous_4)
FN:55,(anonymous_5)
FN:88,(anonymous_6)
FN:92,(anonymous_7)
FNF:8
FNH:3
FNDA:3,(anonymous_0)
FNDA:0,(anonymous_1)
FNDA:0,(anonymous_2)
FNDA:1,(anonymous_3)
FNDA:1,(anonymous_4)
FNDA:0,(anonymous_5)
FNDA:0,(anonymous_6)
FNDA:0,(anonymous_7)
DA:6,1
DA:8,3
DA:9,3
DA:14,3
DA:15,3
DA:16,3
DA:18,3
DA:19,3
DA:22,3
DA:23,0
DA:24,0
DA:25,0
DA:26,0
DA:27,0
DA:30,0
DA:31,0
DA:38,3
DA:40,3
DA:41,1
DA:44,3
DA:46,3
DA:47,1
DA:48,1
DA:49,1
DA:52,1
DA:53,1
DA:55,3
DA:56,0
DA:57,0
DA:58,0
DA:60,0
DA:61,0
DA:66,3
DA:88,0
DA:92,0
LF:35
LH:21
BRDA:25,0,0,0
BRDA:25,0,1,0
BRDA:26,1,0,0
BRDA:26,1,1,0
BRDA:55,2,0,1
BRDA:55,2,1,0
BRDA:55,3,0,1
BRDA:55,3,1,0
BRDA:55,4,0,0
BRDA:55,4,1,0
BRDA:56,5,0,0
BRDA:56,5,1,0
BRDA:88,6,0,1
BRDA:88,6,1,2
BRDA:89,7,0,2
BRDA:89,7,1,1
BRDA:92,8,0,0
BRDA:92,8,1,3
BRDA:93,9,0,3
BRDA:93,9,1,0
BRF:20
BRH:8
end_of_record
TN:
SF:src/components/Login/SignUpPAge.js
FN:9,(anonymous_0)
FN:29,(anonymous_1)
FN:33,(anonymous_2)
FN:36,(anonymous_3)
FN:39,(anonymous_4)
FN:42,(anonymous_5)
FN:48,(anonymous_6)
FN:61,(anonymous_7)
FNF:8
FNH:5
FNDA:36,(anonymous_0)
FNDA:0,(anonymous_1)
FNDA:11,(anonymous_2)
FNDA:9,(anonymous_3)
FNDA:6,(anonymous_4)
FNDA:6,(anonymous_5)
FNDA:0,(anonymous_6)
FNDA:0,(anonymous_7)
DA:9,1
DA:12,36
DA:13,36
DA:14,36
DA:15,36
DA:18,36
DA:19,36
DA:20,36
DA:23,36
DA:24,36
DA:25,36
DA:27,36
DA:29,36
DA:30,0
DA:33,36
DA:34,11
DA:36,36
DA:37,9
DA:39,36
DA:40,6
DA:42,36
DA:43,6
DA:48,36
DA:49,0
DA:50,0
DA:51,0
DA:52,0
DA:55,0
DA:56,0
DA:57,0
DA:61,36
DA:62,0
DA:63,0
DA:64,0
DA:65,0
DA:66,0
DA:73,0
DA:75,0
DA:77,0
DA:78,0
DA:80,0
DA:81,0
DA:83,0
DA:84,0
DA:87,0
DA:92,36
LF:46
LH:24
BRDA:49,0,0,0
BRDA:49,0,1,0
BRDA:77,1,0,0
BRDA:77,1,1,0
BRDA:80,2,0,0
BRDA:80,2,1,0
BRDA:83,3,0,0
BRDA:83,3,1,0
BRDA:109,4,0,0
BRDA:109,4,1,36
BRDA:114,5,0,0
BRDA:114,5,1,36
BRDA:120,6,0,0
BRDA:120,6,1,36
BRDA:120,7,0,0
BRDA:120,7,1,36
BRDA:123,8,0,36
BRDA:123,8,1,0
BRDA:126,9,0,0
BRDA:126,9,1,36
BRDA:126,10,0,0
BRDA:126,10,1,36
BRDA:129,11,0,36
BRDA:129,11,1,0
BRF:24
BRH:8
end_of_record
TN:
SF:src/components/WelcomePage/WelcomePage.js
FN:9,WelcomePage
FN:12,(anonymous_1)
FN:15,(anonymous_2)
FNF:3
FNH:2
FNDA:5,WelcomePage
FNDA:4,(anonymous_1)
FNDA:0,(anonymous_2)
DA:11,5
DA:12,4
DA:13,4
DA:15,0
DA:16,0
DA:18,0
DA:19,0
LF:7
LH:3
BRF:0
BRH:0
end_of_record
TN:
SF:src/components/count/Counter.js
FN:7,(anonymous_0)
FN:13,(anonymous_1)
FN:25,(anonymous_2)
FN:27,(anonymous_3)
FN:28,(anonymous_4)
FN:29,(anonymous_5)
FNF:6
FNH:6
FNDA:13,(anonymous_0)
FNDA:6,(anonymous_1)
FNDA:2,(anonymous_2)
FNDA:1,(anonymous_3)
FNDA:3,(anonymous_4)
FNDA:1,(anonymous_5)
DA:7,4
DA:8,13
DA:9,13
DA:11,13
DA:13,13
DA:14,6
DA:16,13
DA:25,2
DA:27,1
DA:28,3
DA:29,1
LF:11
LH:11
BRF:0
BRH:0
end_of_record
TN:
SF:src/mocks/handlers.ts
FN:8,(anonymous_0)
FNF:1
FNH:1
FNDA:1,(anonymous_0)
DA:5,4
DA:7,4
DA:9,1
DA:10,0
DA:11,0
DA:12,0
LF:6
LH:3
BRF:0
BRH:0
end_of_record
TN:
SF:src/mocks/server.ts
FNF:0
FNH:0
DA:6,4
LF:1
LH:1
BRF:0
BRH:0
end_of_record
TN:
SF:src/providers/app-providers.js
FN:17,(anonymous_0)
FNF:1
FNH:1
FNDA:14,(anonymous_0)
DA:7,4
DA:13,4
DA:17,4
DA:18,14
LF:4
LH:4
BRF:0
BRH:0
end_of_record
TN:
SF:src/store/authSlice.js
FN:14,(anonymous_0)
FN:29,(anonymous_1)
FN:47,(anonymous_2)
FN:53,(anonymous_3)
FN:56,(anonymous_4)
FN:63,(anonymous_5)
FN:72,(anonymous_6)
FN:78,(anonymous_7)
FNF:8
FNH:3
FNDA:0,(anonymous_0)
FNDA:1,(anonymous_1)
FNDA:0,(anonymous_2)
FNDA:6,(anonymous_3)
FNDA:0,(anonymous_4)
FNDA:0,(anonymous_5)
FNDA:1,(anonymous_6)
FNDA:0,(anonymous_7)
DA:14,4
DA:15,0
DA:22,0
DA:23,0
DA:24,0
DA:29,4
DA:32,1
DA:34,1
DA:36,0
DA:38,0
DA:42,4
DA:48,0
DA:49,0
DA:50,0
DA:54,6
DA:57,0
DA:58,0
DA:59,0
DA:64,0
DA:65,0
DA:73,1
DA:75,1
DA:80,0
DA:81,0
DA:87,4
LF:25
LH:9
BRF:0
BRH:0
end_of_record
